[debug] [2022-06-09T12:56:18.312Z] ----------------------------------------------------------------------
[debug] [2022-06-09T12:56:18.314Z] Command:       C:\Program Files\nodejs\node.exe C:\Users\Sayyed-Abrar\AppData\Roaming\npm\node_modules\firebase-tools\lib\bin\firebase.js init
[debug] [2022-06-09T12:56:18.315Z] CLI Version:   11.0.1
[debug] [2022-06-09T12:56:18.315Z] Platform:      win32
[debug] [2022-06-09T12:56:18.315Z] Node Version:  v16.13.1
[debug] [2022-06-09T12:56:18.317Z] Time:          Thu Jun 09 2022 18:41:18 GMT+0545 (Nepal Time)
[debug] [2022-06-09T12:56:18.317Z] ----------------------------------------------------------------------
[debug] 
[debug] [2022-06-09T12:56:18.326Z] > command requires scopes: ["email","openid","https://www.googleapis.com/auth/cloudplatformprojects.readonly","https://www.googleapis.com/auth/firebase","https://www.googleapis.com/auth/cloud-platform"]
[debug] [2022-06-09T12:56:18.327Z] > authorizing via signed-in user (sayyedabrarakhtar696@gmail.com)
[info] 
     ######## #### ########  ######## ########     ###     ######  ########
     ##        ##  ##     ## ##       ##     ##  ##   ##  ##       ##
     ######    ##  ########  ######   ########  #########  ######  ######
     ##        ##  ##    ##  ##       ##     ## ##     ##       ## ##
     ##       #### ##     ## ######## ########  ##     ##  ######  ########

You're about to initialize a Firebase project in this directory:

  D:\SAYYED\NETFLIX\netflix_clone

[info] 
=== Project Setup
[info] 
[info] First, let's associate this project directory with a Firebase project.
[info] You can create multiple project aliases by running firebase use --add, 
[info] but for now we'll just set up a default project.
[info] 
[debug] [2022-06-09T12:56:32.457Z] >>> [apiv2][query] GET https://firebase.googleapis.com/v1beta1/projects pageSize=100
[debug] [2022-06-09T12:56:33.383Z] <<< [apiv2][status] GET https://firebase.googleapis.com/v1beta1/projects 200
[debug] [2022-06-09T12:56:33.385Z] <<< [apiv2][body] GET https://firebase.googleapis.com/v1beta1/projects [omitted]
[info] i  Using project netflix-react-app-5a3bc (netflix-react-app) 
[info] 
=== Hosting Setup
[info] 
[info] Your public directory is the folder (relative to your project directory) that
[info] will contain Hosting assets to be uploaded with firebase deploy. If you
[info] have a build process for your assets, use your build's output directory.
[info] 
